-------------------------------------------------------------------------------
Test set: com.springbok.RequestTest
-------------------------------------------------------------------------------
Tests run: 1, Failures: 0, Errors: 1, Skipped: 0, Time elapsed: 0.008 s <<< FAILURE! - in com.springbok.RequestTest
greetingShouldReturnDefaultMessage(com.springbok.RequestTest)  Time elapsed: 0.001 s  <<< ERROR!
java.lang.NoSuchMethodError: org.springframework.core.env.MutablePropertySources.stream()Ljava/util/stream/Stream;

